<?xml version="1.0" encoding="UTF-8"?>
<!-- Generated by org.testng.reporters.JUnitReportReporter -->
<testsuite skipped="1" hostname="DESKTOP-H3S0EED" name="scamming3.Demo3" tests="4" failures="0" timestamp="16 Oct 2023 10:53:18 GMT" time="0.018" errors="0">
  <testcase name="goodmorning" time="0.002" classname="scamming3.Demo3"/>
  <testcase name="whatisyourname" time="0.014" classname="scamming3.Demo3"/>
  <testcase name="welcomemsg" time="0.002" classname="scamming3.Demo3"/>
  <testcase name="whatisyourhobby" classname="scamming3.Demo3">
    <skipped/>
  </testcase> <!-- whatisyourhobby -->
</testsuite> <!-- scamming3.Demo3 -->
